[INFO  - 2018-09-12T08:01:20.177Z] GhostDriver - Main - running on port 53437
[INFO  - 2018-09-12T08:01:24.589Z] Session [0b347e80-b662-11e8-9d0c-011d61c7f0b7] - page.settings - {"XSSAuditingEnabled":false,"javascriptCanCloseWindows":true,"javascriptCanOpenWindows":true,"javascriptEnabled":true,"loadImages":true,"localToRemoteUrlAccessEnabled":false,"userAgent":"Mozilla/5.0 (Windows NT 6.2; WOW64) AppleWebKit/538.1 (KHTML, like Gecko) PhantomJS/2.1.1 Safari/538.1","webSecurityEnabled":true}
[INFO  - 2018-09-12T08:01:24.589Z] Session [0b347e80-b662-11e8-9d0c-011d61c7f0b7] - page.customHeaders:  - {}
[INFO  - 2018-09-12T08:01:24.589Z] Session [0b347e80-b662-11e8-9d0c-011d61c7f0b7] - Session.negotiatedCapabilities - {"browserName":"phantomjs","version":"2.1.1","driverName":"ghostdriver","driverVersion":"1.2.0","platform":"windows-10-32bit","javascriptEnabled":true,"takesScreenshot":true,"handlesAlerts":false,"databaseEnabled":false,"locationContextEnabled":false,"applicationCacheEnabled":false,"browserConnectionEnabled":false,"cssSelectorsEnabled":true,"webStorageEnabled":false,"rotatable":false,"acceptSslCerts":false,"nativeEvents":true,"proxy":{"proxyType":"direct"}}
[INFO  - 2018-09-12T08:01:24.589Z] SessionManagerReqHand - _postNewSessionCommand - New Session Created: 0b347e80-b662-11e8-9d0c-011d61c7f0b7
[ERROR - 2018-09-12T08:01:25.981Z] Session [0b347e80-b662-11e8-9d0c-011d61c7f0b7] - page.onError - msg: TypeError: null is not an object (evaluating 'da_ua.match(/Version\/([0-9\.]+)/i)[1]')

  phantomjs://platform/console++.js:263 in error
[ERROR - 2018-09-12T08:01:25.982Z] Session [0b347e80-b662-11e8-9d0c-011d61c7f0b7] - page.onError - stack:
  searchBrowserVersion (https://ssl.pstatic.net/tveta/libs/assets/js/pc/main/min/pc.veta.core.min.js?20170421:1)
  init (https://ssl.pstatic.net/tveta/libs/assets/js/pc/main/min/pc.veta.core.min.js?20170421:1)

  phantomjs://platform/console++.js:263 in error
[ERROR - 2018-09-12T08:01:26.115Z] Session [0b347e80-b662-11e8-9d0c-011d61c7f0b7] - page.onError - msg: TypeError: null is not an object (evaluating 'da_ua.match(/Version\/([0-9\.]+)/i)[1]')

  phantomjs://platform/console++.js:263 in error
[ERROR - 2018-09-12T08:01:26.115Z] Session [0b347e80-b662-11e8-9d0c-011d61c7f0b7] - page.onError - stack:
  searchBrowserVersion (https://ssl.pstatic.net/tveta/libs/assets/js/pc/main/min/pc.veta.core.min.js?20170323:1)
  init (https://ssl.pstatic.net/tveta/libs/assets/js/pc/main/min/pc.veta.core.min.js?20170323:1)

  phantomjs://platform/console++.js:263 in error
[ERROR - 2018-09-12T08:01:26.117Z] Session [0b347e80-b662-11e8-9d0c-011d61c7f0b7] - page.onError - msg: TypeError: undefined is not a constructor (evaluating 'new Nimp')

  phantomjs://platform/console++.js:263 in error
[ERROR - 2018-09-12T08:01:26.117Z] Session [0b347e80-b662-11e8-9d0c-011d61c7f0b7] - page.onError - stack:
  initAd (https://nv.veta.naver.com/fxshow?su=SU10078&nrefreshx=0:30)
  lazyLoading (https://nv.veta.naver.com/fxshow?su=SU10078&nrefreshx=0:25)
  onload (https://nv.veta.naver.com/fxshow?su=SU10078&nrefreshx=0:113)

  phantomjs://platform/console++.js:263 in error
[ERROR - 2018-09-12T08:01:26.132Z] Session [0b347e80-b662-11e8-9d0c-011d61c7f0b7] - page.onError - msg: TypeError: null is not an object (evaluating 'da_ua.match(/Version\/([0-9\.]+)/i)[1]')

  phantomjs://platform/console++.js:263 in error
[ERROR - 2018-09-12T08:01:26.132Z] Session [0b347e80-b662-11e8-9d0c-011d61c7f0b7] - page.onError - stack:
  searchBrowserVersion (https://ssl.pstatic.net/tveta/libs/assets/js/pc/main/min/pc.veta.core.min.js?20170222:1)
  init (https://ssl.pstatic.net/tveta/libs/assets/js/pc/main/min/pc.veta.core.min.js?20170222:1)

  phantomjs://platform/console++.js:263 in error
[ERROR - 2018-09-12T08:01:26.240Z] Session [0b347e80-b662-11e8-9d0c-011d61c7f0b7] - page.onError - msg: TypeError: undefined is not a constructor (evaluating 'new Nimp')

  phantomjs://platform/console++.js:263 in error
[ERROR - 2018-09-12T08:01:26.240Z] Session [0b347e80-b662-11e8-9d0c-011d61c7f0b7] - page.onError - stack:
  initAd (https://nv.veta.naver.com/fxshow?su=SU10079&nrefreshx=0:25)
  onload (https://nv.veta.naver.com/fxshow?su=SU10079&nrefreshx=0:9)

  phantomjs://platform/console++.js:263 in error
[ERROR - 2018-09-12T08:01:26.991Z] Session [0b347e80-b662-11e8-9d0c-011d61c7f0b7] - page.onError - msg: TypeError: null is not an object (evaluating 'da_ua.match(/Version\/([0-9\.]+)/i)[1]')

  phantomjs://platform/console++.js:263 in error
[ERROR - 2018-09-12T08:01:26.991Z] Session [0b347e80-b662-11e8-9d0c-011d61c7f0b7] - page.onError - stack:
  searchBrowserVersion (https://ssl.pstatic.net/tveta/libs/assets/js/pc/main/min/pc.veta.core.min.js?20180330:1)
  init (https://ssl.pstatic.net/tveta/libs/assets/js/pc/main/min/pc.veta.core.min.js?20180330:1)

  phantomjs://platform/console++.js:263 in error
